{"/home/bosselut/workspace/url_shortener/src/app/src/config/services/config.service.ts": {"path":"/home/bosselut/workspace/url_shortener/src/app/src/config/services/config.service.ts","statementMap":{"0":{"start":{"line":1,"column":0},"end":{"line":1,"column":44}},"1":{"start":{"line":2,"column":0},"end":{"line":2,"column":47}},"2":{"start":{"line":5,"column":7},"end":{"line":57,"column":null}},"3":{"start":{"line":7,"column":25},"end":{"line":7,"column":33}},"4":{"start":{"line":11,"column":8},"end":{"line":11,"column":68}},"5":{"start":{"line":21,"column":8},"end":{"line":27,"column":10}},"6":{"start":{"line":31,"column":8},"end":{"line":31,"column":82}},"7":{"start":{"line":35,"column":8},"end":{"line":35,"column":55}},"8":{"start":{"line":39,"column":8},"end":{"line":39,"column":68}},"9":{"start":{"line":43,"column":8},"end":{"line":43,"column":72}},"10":{"start":{"line":47,"column":8},"end":{"line":47,"column":69}},"11":{"start":{"line":51,"column":8},"end":{"line":51,"column":67}},"12":{"start":{"line":55,"column":8},"end":{"line":55,"column":102}},"13":{"start":{"line":5,"column":13},"end":{"line":5,"column":29}},"14":{"start":{"line":5,"column":13},"end":{"line":57,"column":null}}},"fnMap":{"0":{"name":"(anonymous_2)","decl":{"start":{"line":6,"column":4},"end":{"line":6,"column":null}},"loc":{"start":{"line":7,"column":46},"end":{"line":8,"column":8}}},"1":{"name":"(anonymous_3)","decl":{"start":{"line":10,"column":4},"end":{"line":10,"column":8}},"loc":{"start":{"line":10,"column":11},"end":{"line":12,"column":5}}},"2":{"name":"(anonymous_4)","decl":{"start":{"line":14,"column":4},"end":{"line":14,"column":8}},"loc":{"start":{"line":14,"column":16},"end":{"line":28,"column":4}}},"3":{"name":"(anonymous_5)","decl":{"start":{"line":30,"column":4},"end":{"line":30,"column":8}},"loc":{"start":{"line":30,"column":19},"end":{"line":32,"column":5}}},"4":{"name":"(anonymous_6)","decl":{"start":{"line":34,"column":4},"end":{"line":34,"column":8}},"loc":{"start":{"line":34,"column":12},"end":{"line":36,"column":5}}},"5":{"name":"(anonymous_7)","decl":{"start":{"line":38,"column":4},"end":{"line":38,"column":8}},"loc":{"start":{"line":38,"column":25},"end":{"line":40,"column":5}}},"6":{"name":"(anonymous_8)","decl":{"start":{"line":42,"column":4},"end":{"line":42,"column":8}},"loc":{"start":{"line":42,"column":25},"end":{"line":44,"column":5}}},"7":{"name":"(anonymous_9)","decl":{"start":{"line":46,"column":4},"end":{"line":46,"column":8}},"loc":{"start":{"line":46,"column":17},"end":{"line":48,"column":5}}},"8":{"name":"(anonymous_10)","decl":{"start":{"line":50,"column":4},"end":{"line":50,"column":8}},"loc":{"start":{"line":50,"column":27},"end":{"line":52,"column":5}}},"9":{"name":"(anonymous_11)","decl":{"start":{"line":54,"column":4},"end":{"line":54,"column":8}},"loc":{"start":{"line":54,"column":28},"end":{"line":56,"column":5}}}},"branchMap":{"0":{"loc":{"start":{"line":11,"column":15},"end":{"line":11,"column":67}},"type":"binary-expr","locations":[{"start":{"line":11,"column":15},"end":{"line":11,"column":50}},{"start":{"line":11,"column":54},"end":{"line":11,"column":67}}]},"1":{"loc":{"start":{"line":22,"column":18},"end":{"line":22,"column":77}},"type":"binary-expr","locations":[{"start":{"line":22,"column":18},"end":{"line":22,"column":58}},{"start":{"line":22,"column":62},"end":{"line":22,"column":77}}]},"2":{"loc":{"start":{"line":23,"column":18},"end":{"line":23,"column":73}},"type":"binary-expr","locations":[{"start":{"line":23,"column":18},"end":{"line":23,"column":58}},{"start":{"line":23,"column":62},"end":{"line":23,"column":73}}]},"3":{"loc":{"start":{"line":24,"column":18},"end":{"line":24,"column":66}},"type":"binary-expr","locations":[{"start":{"line":24,"column":18},"end":{"line":24,"column":58}},{"start":{"line":24,"column":62},"end":{"line":24,"column":66}}]},"4":{"loc":{"start":{"line":25,"column":22},"end":{"line":25,"column":80}},"type":"binary-expr","locations":[{"start":{"line":25,"column":22},"end":{"line":25,"column":66}},{"start":{"line":25,"column":70},"end":{"line":25,"column":80}}]},"5":{"loc":{"start":{"line":26,"column":22},"end":{"line":26,"column":80}},"type":"binary-expr","locations":[{"start":{"line":26,"column":22},"end":{"line":26,"column":66}},{"start":{"line":26,"column":70},"end":{"line":26,"column":80}}]},"6":{"loc":{"start":{"line":31,"column":15},"end":{"line":31,"column":81}},"type":"binary-expr","locations":[{"start":{"line":31,"column":15},"end":{"line":31,"column":54}},{"start":{"line":31,"column":58},"end":{"line":31,"column":81}}]},"7":{"loc":{"start":{"line":35,"column":15},"end":{"line":35,"column":54}},"type":"binary-expr","locations":[{"start":{"line":35,"column":15},"end":{"line":35,"column":46}},{"start":{"line":35,"column":50},"end":{"line":35,"column":54}}]},"8":{"loc":{"start":{"line":39,"column":15},"end":{"line":39,"column":67}},"type":"binary-expr","locations":[{"start":{"line":39,"column":15},"end":{"line":39,"column":61}},{"start":{"line":39,"column":65},"end":{"line":39,"column":67}}]},"9":{"loc":{"start":{"line":43,"column":15},"end":{"line":43,"column":71}},"type":"binary-expr","locations":[{"start":{"line":43,"column":15},"end":{"line":43,"column":62}},{"start":{"line":43,"column":66},"end":{"line":43,"column":71}}]},"10":{"loc":{"start":{"line":47,"column":15},"end":{"line":47,"column":68}},"type":"binary-expr","locations":[{"start":{"line":47,"column":15},"end":{"line":47,"column":52}},{"start":{"line":47,"column":56},"end":{"line":47,"column":68}}]},"11":{"loc":{"start":{"line":51,"column":15},"end":{"line":51,"column":66}},"type":"binary-expr","locations":[{"start":{"line":51,"column":15},"end":{"line":51,"column":55}},{"start":{"line":51,"column":59},"end":{"line":51,"column":66}}]},"12":{"loc":{"start":{"line":55,"column":15},"end":{"line":55,"column":101}},"type":"binary-expr","locations":[{"start":{"line":55,"column":15},"end":{"line":55,"column":56}},{"start":{"line":55,"column":60},"end":{"line":55,"column":101}}]}},"s":{"0":5,"1":5,"2":5,"3":8,"4":2,"5":2,"6":2,"7":2,"8":2,"9":2,"10":2,"11":0,"12":0,"13":5,"14":5},"f":{"0":8,"1":2,"2":2,"3":2,"4":2,"5":2,"6":2,"7":2,"8":0,"9":0},"b":{"0":[2,1],"1":[2,1],"2":[2,1],"3":[2,1],"4":[2,1],"5":[2,1],"6":[2,1],"7":[2,1],"8":[2,1],"9":[2,1],"10":[2,1],"11":[0,0],"12":[0,0]}}
,"/home/bosselut/workspace/url_shortener/src/app/src/domain/controllers/admin.controller.ts": {"path":"/home/bosselut/workspace/url_shortener/src/app/src/domain/controllers/admin.controller.ts","statementMap":{"0":{"start":{"line":1,"column":0},"end":{"line":1,"column":null}},"1":{"start":{"line":12,"column":0},"end":{"line":12,"column":64}},"2":{"start":{"line":13,"column":0},"end":{"line":13,"column":47}},"3":{"start":{"line":14,"column":0},"end":{"line":14,"column":64}},"4":{"start":{"line":16,"column":0},"end":{"line":16,"column":64}},"5":{"start":{"line":20,"column":7},"end":{"line":38,"column":null}},"6":{"start":{"line":21,"column":31},"end":{"line":21,"column":36}},"7":{"start":{"line":24,"column":4},"end":{"line":24,"column":32}},"8":{"start":{"line":28,"column":4},"end":{"line":28,"column":30}},"9":{"start":{"line":32,"column":4},"end":{"line":32,"column":38}},"10":{"start":{"line":36,"column":4},"end":{"line":36,"column":52}},"11":{"start":{"line":20,"column":13},"end":{"line":20,"column":28}},"12":{"start":{"line":23,"column":8},"end":{"line":25,"column":null}},"13":{"start":{"line":27,"column":8},"end":{"line":29,"column":null}},"14":{"start":{"line":31,"column":8},"end":{"line":33,"column":null}},"15":{"start":{"line":35,"column":8},"end":{"line":37,"column":null}},"16":{"start":{"line":20,"column":13},"end":{"line":38,"column":null}}},"fnMap":{"0":{"name":"(anonymous_4)","decl":{"start":{"line":21,"column":2},"end":{"line":21,"column":31}},"loc":{"start":{"line":21,"column":51},"end":{"line":21,"column":55}}},"1":{"name":"(anonymous_5)","decl":{"start":{"line":23,"column":8},"end":{"line":23,"column":14}},"loc":{"start":{"line":23,"column":66},"end":{"line":25,"column":3}}},"2":{"name":"(anonymous_6)","decl":{"start":{"line":27,"column":8},"end":{"line":27,"column":15}},"loc":{"start":{"line":27,"column":15},"end":{"line":29,"column":3}}},"3":{"name":"(anonymous_7)","decl":{"start":{"line":31,"column":8},"end":{"line":31,"column":14}},"loc":{"start":{"line":31,"column":74},"end":{"line":33,"column":3}}},"4":{"name":"(anonymous_8)","decl":{"start":{"line":35,"column":8},"end":{"line":35,"column":14}},"loc":{"start":{"line":35,"column":42},"end":{"line":37,"column":3}}}},"branchMap":{},"s":{"0":0,"1":0,"2":0,"3":0,"4":0,"5":0,"6":0,"7":0,"8":0,"9":0,"10":0,"11":0,"12":0,"13":0,"14":0,"15":0,"16":0},"f":{"0":0,"1":0,"2":0,"3":0,"4":0},"b":{}}
,"/home/bosselut/workspace/url_shortener/src/app/src/domain/controllers/auth.controller.ts": {"path":"/home/bosselut/workspace/url_shortener/src/app/src/domain/controllers/auth.controller.ts","statementMap":{"0":{"start":{"line":1,"column":0},"end":{"line":1,"column":73}},"1":{"start":{"line":2,"column":0},"end":{"line":2,"column":55}},"2":{"start":{"line":3,"column":0},"end":{"line":3,"column":44}},"3":{"start":{"line":7,"column":7},"end":{"line":15,"column":null}},"4":{"start":{"line":8,"column":31},"end":{"line":8,"column":44}},"5":{"start":{"line":12,"column":28},"end":{"line":12,"column":84}},"6":{"start":{"line":13,"column":4},"end":{"line":13,"column":59}},"7":{"start":{"line":7,"column":13},"end":{"line":7,"column":27}},"8":{"start":{"line":11,"column":8},"end":{"line":14,"column":null}},"9":{"start":{"line":7,"column":13},"end":{"line":15,"column":null}}},"fnMap":{"0":{"name":"(anonymous_4)","decl":{"start":{"line":8,"column":2},"end":{"line":8,"column":31}},"loc":{"start":{"line":8,"column":55},"end":{"line":8,"column":59}}},"1":{"name":"(anonymous_5)","decl":{"start":{"line":11,"column":8},"end":{"line":11,"column":13}},"loc":{"start":{"line":11,"column":57},"end":{"line":14,"column":3}}}},"branchMap":{},"s":{"0":0,"1":0,"2":0,"3":0,"4":0,"5":0,"6":0,"7":0,"8":0,"9":0},"f":{"0":0,"1":0},"b":{}}
,"/home/bosselut/workspace/url_shortener/src/app/src/domain/controllers/redirect.controller.ts": {"path":"/home/bosselut/workspace/url_shortener/src/app/src/domain/controllers/redirect.controller.ts","statementMap":{"0":{"start":{"line":1,"column":0},"end":{"line":1,"column":null}},"1":{"start":{"line":11,"column":0},"end":{"line":11,"column":64}},"2":{"start":{"line":14,"column":7},"end":{"line":37,"column":null}},"3":{"start":{"line":15,"column":28},"end":{"line":15,"column":50}},"4":{"start":{"line":16,"column":31},"end":{"line":16,"column":36}},"5":{"start":{"line":23,"column":16},"end":{"line":23,"column":44}},"6":{"start":{"line":24,"column":4},"end":{"line":27,"column":5}},"7":{"start":{"line":25,"column":6},"end":{"line":25,"column":73}},"8":{"start":{"line":26,"column":6},"end":{"line":26,"column":50}},"9":{"start":{"line":29,"column":15},"end":{"line":29,"column":21}},"10":{"start":{"line":30,"column":4},"end":{"line":33,"column":5}},"11":{"start":{"line":31,"column":6},"end":{"line":31,"column":59}},"12":{"start":{"line":32,"column":6},"end":{"line":32,"column":58}},"13":{"start":{"line":34,"column":4},"end":{"line":34,"column":43}},"14":{"start":{"line":35,"column":4},"end":{"line":35,"column":39}},"15":{"start":{"line":14,"column":13},"end":{"line":14,"column":31}},"16":{"start":{"line":18,"column":8},"end":{"line":36,"column":null}},"17":{"start":{"line":14,"column":13},"end":{"line":37,"column":null}}},"fnMap":{"0":{"name":"(anonymous_4)","decl":{"start":{"line":16,"column":2},"end":{"line":16,"column":31}},"loc":{"start":{"line":16,"column":51},"end":{"line":16,"column":55}}},"1":{"name":"(anonymous_5)","decl":{"start":{"line":18,"column":8},"end":{"line":18,"column":16}},"loc":{"start":{"line":21,"column":23},"end":{"line":36,"column":3}}}},"branchMap":{"0":{"loc":{"start":{"line":24,"column":4},"end":{"line":27,"column":5}},"type":"if","locations":[{"start":{"line":24,"column":4},"end":{"line":27,"column":5}},{"start":{},"end":{}}]},"1":{"loc":{"start":{"line":24,"column":8},"end":{"line":24,"column":61}},"type":"binary-expr","locations":[{"start":{"line":24,"column":8},"end":{"line":24,"column":12}},{"start":{"line":24,"column":17},"end":{"line":24,"column":30}},{"start":{"line":24,"column":34},"end":{"line":24,"column":60}}]},"2":{"loc":{"start":{"line":30,"column":4},"end":{"line":33,"column":5}},"type":"if","locations":[{"start":{"line":30,"column":4},"end":{"line":33,"column":5}},{"start":{},"end":{}}]}},"s":{"0":0,"1":0,"2":0,"3":0,"4":0,"5":0,"6":0,"7":0,"8":0,"9":0,"10":0,"11":0,"12":0,"13":0,"14":0,"15":0,"16":0,"17":0},"f":{"0":0,"1":0},"b":{"0":[0,0],"1":[0,0,0],"2":[0,0]}}
,"/home/bosselut/workspace/url_shortener/src/app/src/domain/factories/database.factory.ts": {"path":"/home/bosselut/workspace/url_shortener/src/app/src/domain/factories/database.factory.ts","statementMap":{"0":{"start":{"line":1,"column":0},"end":{"line":1,"column":52}},"1":{"start":{"line":3,"column":0},"end":{"line":3,"column":72}},"2":{"start":{"line":6,"column":28},"end":{"line":31,"column":null}},"3":{"start":{"line":7,"column":28},"end":{"line":7,"column":60}},"4":{"start":{"line":10,"column":21},"end":{"line":10,"column":29}},"5":{"start":{"line":12,"column":4},"end":{"line":12,"column":58}},"6":{"start":{"line":13,"column":4},"end":{"line":13,"column":62}},"7":{"start":{"line":14,"column":4},"end":{"line":14,"column":71}},"8":{"start":{"line":15,"column":4},"end":{"line":15,"column":47}},"9":{"start":{"line":19,"column":4},"end":{"line":29,"column":6}},"10":{"start":{"line":6,"column":13},"end":{"line":6,"column":28}},"11":{"start":{"line":6,"column":13},"end":{"line":31,"column":null}}},"fnMap":{"0":{"name":"(anonymous_2)","decl":{"start":{"line":9,"column":2},"end":{"line":9,"column":null}},"loc":{"start":{"line":10,"column":45},"end":{"line":16,"column":3}}},"1":{"name":"(anonymous_3)","decl":{"start":{"line":18,"column":2},"end":{"line":18,"column":22}},"loc":{"start":{"line":18,"column":22},"end":{"line":30,"column":3}}}},"branchMap":{},"s":{"0":0,"1":0,"2":0,"3":0,"4":0,"5":0,"6":0,"7":0,"8":0,"9":0,"10":0,"11":0},"f":{"0":0,"1":0},"b":{}}
,"/home/bosselut/workspace/url_shortener/src/app/src/domain/guards/jwt.guard.ts": {"path":"/home/bosselut/workspace/url_shortener/src/app/src/domain/guards/jwt.guard.ts","statementMap":{"0":{"start":{"line":1,"column":0},"end":{"line":1,"column":98}},"1":{"start":{"line":2,"column":0},"end":{"line":2,"column":41}},"2":{"start":{"line":3,"column":0},"end":{"line":3,"column":72}},"3":{"start":{"line":6,"column":7},"end":{"line":22,"column":null}},"4":{"start":{"line":7,"column":31},"end":{"line":7,"column":36}},"5":{"start":{"line":7,"column":65},"end":{"line":7,"column":73}},"6":{"start":{"line":9,"column":16},"end":{"line":9,"column":51}},"7":{"start":{"line":10,"column":23},"end":{"line":10,"column":48}},"8":{"start":{"line":11,"column":4},"end":{"line":11,"column":70}},"9":{"start":{"line":11,"column":21},"end":{"line":11,"column":70}},"10":{"start":{"line":12,"column":26},"end":{"line":12,"column":47}},"11":{"start":{"line":13,"column":4},"end":{"line":13,"column":83}},"12":{"start":{"line":13,"column":27},"end":{"line":13,"column":83}},"13":{"start":{"line":14,"column":4},"end":{"line":20,"column":5}},"14":{"start":{"line":15,"column":22},"end":{"line":15,"column":79}},"15":{"start":{"line":16,"column":6},"end":{"line":16,"column":25}},"16":{"start":{"line":17,"column":6},"end":{"line":17,"column":18}},"17":{"start":{"line":19,"column":6},"end":{"line":19,"column":55}},"18":{"start":{"line":6,"column":13},"end":{"line":6,"column":21}},"19":{"start":{"line":6,"column":13},"end":{"line":22,"column":null}}},"fnMap":{"0":{"name":"(anonymous_2)","decl":{"start":{"line":7,"column":2},"end":{"line":7,"column":31}},"loc":{"start":{"line":7,"column":89},"end":{"line":7,"column":93}}},"1":{"name":"(anonymous_3)","decl":{"start":{"line":8,"column":2},"end":{"line":8,"column":13}},"loc":{"start":{"line":8,"column":39},"end":{"line":21,"column":3}}}},"branchMap":{"0":{"loc":{"start":{"line":11,"column":4},"end":{"line":11,"column":70}},"type":"if","locations":[{"start":{"line":11,"column":4},"end":{"line":11,"column":70}},{"start":{},"end":{}}]},"1":{"loc":{"start":{"line":13,"column":4},"end":{"line":13,"column":83}},"type":"if","locations":[{"start":{"line":13,"column":4},"end":{"line":13,"column":83}},{"start":{},"end":{}}]}},"s":{"0":1,"1":1,"2":1,"3":1,"4":4,"5":4,"6":4,"7":4,"8":4,"9":1,"10":3,"11":3,"12":1,"13":2,"14":2,"15":1,"16":1,"17":1,"18":1,"19":1},"f":{"0":4,"1":4},"b":{"0":[1,3],"1":[1,2]}}
,"/home/bosselut/workspace/url_shortener/src/app/src/domain/services/auth.service.ts": {"path":"/home/bosselut/workspace/url_shortener/src/app/src/domain/services/auth.service.ts","statementMap":{"0":{"start":{"line":1,"column":0},"end":{"line":1,"column":67}},"1":{"start":{"line":2,"column":0},"end":{"line":2,"column":41}},"2":{"start":{"line":3,"column":0},"end":{"line":3,"column":33}},"3":{"start":{"line":4,"column":0},"end":{"line":4,"column":37}},"4":{"start":{"line":5,"column":0},"end":{"line":5,"column":47}},"5":{"start":{"line":6,"column":0},"end":{"line":6,"column":72}},"6":{"start":{"line":7,"column":0},"end":{"line":7,"column":51}},"7":{"start":{"line":10,"column":7},"end":{"line":31,"column":null}},"8":{"start":{"line":13,"column":21},"end":{"line":13,"column":27}},"9":{"start":{"line":14,"column":21},"end":{"line":14,"column":26}},"10":{"start":{"line":15,"column":21},"end":{"line":15,"column":29}},"11":{"start":{"line":19,"column":17},"end":{"line":19,"column":65}},"12":{"start":{"line":20,"column":4},"end":{"line":20,"column":32}},"13":{"start":{"line":20,"column":15},"end":{"line":20,"column":32}},"14":{"start":{"line":21,"column":20},"end":{"line":21,"column":65}},"15":{"start":{"line":22,"column":4},"end":{"line":22,"column":38}},"16":{"start":{"line":26,"column":17},"end":{"line":26,"column":56}},"17":{"start":{"line":27,"column":4},"end":{"line":27,"column":70}},"18":{"start":{"line":27,"column":15},"end":{"line":27,"column":70}},"19":{"start":{"line":28,"column":20},"end":{"line":28,"column":78}},"20":{"start":{"line":29,"column":4},"end":{"line":29,"column":86}},"21":{"start":{"line":10,"column":13},"end":{"line":10,"column":24}},"22":{"start":{"line":10,"column":13},"end":{"line":31,"column":null}}},"fnMap":{"0":{"name":"(anonymous_13)","decl":{"start":{"line":11,"column":2},"end":{"line":11,"column":null}},"loc":{"start":{"line":15,"column":45},"end":{"line":16,"column":6}}},"1":{"name":"(anonymous_14)","decl":{"start":{"line":18,"column":2},"end":{"line":18,"column":7}},"loc":{"start":{"line":18,"column":47},"end":{"line":23,"column":3}}},"2":{"name":"(anonymous_15)","decl":{"start":{"line":25,"column":2},"end":{"line":25,"column":7}},"loc":{"start":{"line":25,"column":48},"end":{"line":30,"column":3}}}},"branchMap":{"0":{"loc":{"start":{"line":20,"column":4},"end":{"line":20,"column":32}},"type":"if","locations":[{"start":{"line":20,"column":4},"end":{"line":20,"column":32}},{"start":{},"end":{}}]},"1":{"loc":{"start":{"line":22,"column":11},"end":{"line":22,"column":37}},"type":"cond-expr","locations":[{"start":{"line":22,"column":21},"end":{"line":22,"column":25}},{"start":{"line":22,"column":28},"end":{"line":22,"column":37}}]},"2":{"loc":{"start":{"line":27,"column":4},"end":{"line":27,"column":70}},"type":"if","locations":[{"start":{"line":27,"column":4},"end":{"line":27,"column":70}},{"start":{},"end":{}}]}},"s":{"0":1,"1":1,"2":1,"3":1,"4":1,"5":1,"6":1,"7":1,"8":5,"9":5,"10":5,"11":5,"12":5,"13":2,"14":3,"15":3,"16":2,"17":2,"18":1,"19":1,"20":1,"21":1,"22":1},"f":{"0":5,"1":5,"2":2},"b":{"0":[2,3],"1":[2,1],"2":[1,1]}}
,"/home/bosselut/workspace/url_shortener/src/app/src/domain/services/short-url.service.ts": {"path":"/home/bosselut/workspace/url_shortener/src/app/src/domain/services/short-url.service.ts","statementMap":{"0":{"start":{"line":1,"column":0},"end":{"line":1,"column":44}},"1":{"start":{"line":2,"column":0},"end":{"line":2,"column":37}},"2":{"start":{"line":3,"column":0},"end":{"line":3,"column":56}},"3":{"start":{"line":6,"column":0},"end":{"line":6,"column":49}},"4":{"start":{"line":7,"column":0},"end":{"line":7,"column":58}},"5":{"start":{"line":8,"column":0},"end":{"line":8,"column":51}},"6":{"start":{"line":9,"column":0},"end":{"line":9,"column":72}},"7":{"start":{"line":12,"column":7},"end":{"line":99,"column":null}},"8":{"start":{"line":14,"column":33},"end":{"line":14,"column":null}},"9":{"start":{"line":23,"column":21},"end":{"line":23,"column":41}},"10":{"start":{"line":25,"column":21},"end":{"line":25,"column":38}},"11":{"start":{"line":26,"column":21},"end":{"line":26,"column":29}},"12":{"start":{"line":28,"column":4},"end":{"line":28,"column":61}},"13":{"start":{"line":29,"column":4},"end":{"line":29,"column":62}},"14":{"start":{"line":33,"column":19},"end":{"line":36,"column":6}},"15":{"start":{"line":37,"column":16},"end":{"line":37,"column":26}},"16":{"start":{"line":38,"column":20},"end":{"line":38,"column":43}},"17":{"start":{"line":39,"column":4},"end":{"line":42,"column":5}},"18":{"start":{"line":40,"column":6},"end":{"line":40,"column":47}},"19":{"start":{"line":41,"column":6},"end":{"line":41,"column":30}},"20":{"start":{"line":43,"column":4},"end":{"line":43,"column":18}},"21":{"start":{"line":47,"column":19},"end":{"line":47,"column":40}},"22":{"start":{"line":48,"column":4},"end":{"line":52,"column":5}},"23":{"start":{"line":49,"column":6},"end":{"line":49,"column":25}},"24":{"start":{"line":50,"column":6},"end":{"line":50,"column":39}},"25":{"start":{"line":51,"column":6},"end":{"line":51,"column":18}},"26":{"start":{"line":53,"column":4},"end":{"line":53,"column":17}},"27":{"start":{"line":57,"column":18},"end":{"line":57,"column":72}},"28":{"start":{"line":58,"column":4},"end":{"line":58,"column":43}},"29":{"start":{"line":59,"column":4},"end":{"line":59,"column":77}},"30":{"start":{"line":65,"column":4},"end":{"line":68,"column":21}},"31":{"start":{"line":66,"column":6},"end":{"line":66,"column":34}},"32":{"start":{"line":67,"column":6},"end":{"line":67,"column":74}},"33":{"start":{"line":69,"column":16},"end":{"line":73,"column":6}},"34":{"start":{"line":74,"column":4},"end":{"line":74,"column":45}},"35":{"start":{"line":78,"column":4},"end":{"line":78,"column":73}},"36":{"start":{"line":82,"column":4},"end":{"line":82,"column":64}},"37":{"start":{"line":89,"column":16},"end":{"line":89,"column":40}},"38":{"start":{"line":90,"column":4},"end":{"line":90,"column":31}},"39":{"start":{"line":90,"column":14},"end":{"line":90,"column":31}},"40":{"start":{"line":91,"column":4},"end":{"line":91,"column":28}},"41":{"start":{"line":92,"column":4},"end":{"line":92,"column":45}},"42":{"start":{"line":96,"column":16},"end":{"line":96,"column":62}},"43":{"start":{"line":97,"column":4},"end":{"line":97,"column":49}},"44":{"start":{"line":12,"column":13},"end":{"line":12,"column":28}},"45":{"start":{"line":12,"column":13},"end":{"line":99,"column":null}}},"fnMap":{"0":{"name":"(anonymous_4)","decl":{"start":{"line":21,"column":2},"end":{"line":21,"column":null}},"loc":{"start":{"line":26,"column":45},"end":{"line":30,"column":3}}},"1":{"name":"(anonymous_5)","decl":{"start":{"line":32,"column":10},"end":{"line":32,"column":22}},"loc":{"start":{"line":32,"column":33},"end":{"line":44,"column":3}}},"2":{"name":"(anonymous_6)","decl":{"start":{"line":46,"column":9},"end":{"line":46,"column":18}},"loc":{"start":{"line":46,"column":29},"end":{"line":54,"column":3}}},"3":{"name":"(anonymous_7)","decl":{"start":{"line":56,"column":2},"end":{"line":56,"column":7}},"loc":{"start":{"line":56,"column":57},"end":{"line":60,"column":3}}},"4":{"name":"(anonymous_8)","decl":{"start":{"line":62,"column":2},"end":{"line":62,"column":7}},"loc":{"start":{"line":62,"column":37},"end":{"line":75,"column":3}}},"5":{"name":"(anonymous_9)","decl":{"start":{"line":77,"column":2},"end":{"line":77,"column":7}},"loc":{"start":{"line":77,"column":15},"end":{"line":79,"column":3}}},"6":{"name":"(anonymous_10)","decl":{"start":{"line":81,"column":2},"end":{"line":81,"column":7}},"loc":{"start":{"line":81,"column":28},"end":{"line":83,"column":3}}},"7":{"name":"(anonymous_11)","decl":{"start":{"line":85,"column":2},"end":{"line":85,"column":7}},"loc":{"start":{"line":87,"column":26},"end":{"line":93,"column":3}}},"8":{"name":"(anonymous_12)","decl":{"start":{"line":95,"column":2},"end":{"line":95,"column":7}},"loc":{"start":{"line":95,"column":27},"end":{"line":98,"column":3}}}},"branchMap":{"0":{"loc":{"start":{"line":33,"column":19},"end":{"line":36,"column":6}},"type":"binary-expr","locations":[{"start":{"line":33,"column":19},"end":{"line":33,"column":43}},{"start":{"line":33,"column":47},"end":{"line":36,"column":6}}]},"1":{"loc":{"start":{"line":39,"column":4},"end":{"line":42,"column":5}},"type":"if","locations":[{"start":{"line":39,"column":4},"end":{"line":42,"column":5}},{"start":{},"end":{}}]},"2":{"loc":{"start":{"line":48,"column":4},"end":{"line":52,"column":5}},"type":"if","locations":[{"start":{"line":48,"column":4},"end":{"line":52,"column":5}},{"start":{},"end":{}}]},"3":{"loc":{"start":{"line":90,"column":4},"end":{"line":90,"column":31}},"type":"if","locations":[{"start":{"line":90,"column":4},"end":{"line":90,"column":31}},{"start":{},"end":{}}]},"4":{"loc":{"start":{"line":97,"column":11},"end":{"line":97,"column":48}},"type":"cond-expr","locations":[{"start":{"line":97,"column":26},"end":{"line":97,"column":40}},{"start":{"line":97,"column":43},"end":{"line":97,"column":48}}]}},"s":{"0":1,"1":1,"2":1,"3":1,"4":1,"5":1,"6":1,"7":1,"8":9,"9":9,"10":9,"11":9,"12":9,"13":9,"14":62,"15":62,"16":62,"17":62,"18":0,"19":0,"20":62,"21":62,"22":62,"23":61,"24":61,"25":61,"26":1,"27":1,"28":1,"29":1,"30":1,"31":1,"32":1,"33":1,"34":1,"35":1,"36":3,"37":2,"38":2,"39":1,"40":1,"41":1,"42":2,"43":2,"44":1,"45":1},"f":{"0":9,"1":62,"2":62,"3":1,"4":1,"5":1,"6":3,"7":2,"8":2},"b":{"0":[62,2],"1":[0,62],"2":[61,1],"3":[1,1],"4":[1,1]}}
,"/home/bosselut/workspace/url_shortener/src/app/src/domain/services/users.service.ts": {"path":"/home/bosselut/workspace/url_shortener/src/app/src/domain/services/users.service.ts","statementMap":{"0":{"start":{"line":1,"column":0},"end":{"line":1,"column":52}},"1":{"start":{"line":2,"column":0},"end":{"line":2,"column":92}},"2":{"start":{"line":3,"column":0},"end":{"line":3,"column":47}},"3":{"start":{"line":4,"column":0},"end":{"line":4,"column":37}},"4":{"start":{"line":5,"column":0},"end":{"line":5,"column":72}},"5":{"start":{"line":6,"column":0},"end":{"line":6,"column":33}},"6":{"start":{"line":10,"column":7},"end":{"line":38,"column":null}},"7":{"start":{"line":14,"column":21},"end":{"line":14,"column":27}},"8":{"start":{"line":15,"column":21},"end":{"line":15,"column":29}},"9":{"start":{"line":19,"column":21},"end":{"line":19,"column":52}},"10":{"start":{"line":20,"column":19},"end":{"line":24,"column":6}},"11":{"start":{"line":25,"column":4},"end":{"line":25,"column":29}},"12":{"start":{"line":25,"column":16},"end":{"line":25,"column":29}},"13":{"start":{"line":26,"column":21},"end":{"line":26,"column":53}},"14":{"start":{"line":27,"column":25},"end":{"line":27,"column":56}},"15":{"start":{"line":28,"column":20},"end":{"line":32,"column":6}},"16":{"start":{"line":33,"column":19},"end":{"line":33,"column":48}},"17":{"start":{"line":34,"column":4},"end":{"line":34,"column":30}},"18":{"start":{"line":34,"column":17},"end":{"line":34,"column":30}},"19":{"start":{"line":35,"column":4},"end":{"line":35,"column":16}},"20":{"start":{"line":10,"column":13},"end":{"line":10,"column":25}},"21":{"start":{"line":10,"column":13},"end":{"line":38,"column":null}}},"fnMap":{"0":{"name":"(anonymous_13)","decl":{"start":{"line":12,"column":2},"end":{"line":12,"column":null}},"loc":{"start":{"line":15,"column":45},"end":{"line":16,"column":6}}},"1":{"name":"(anonymous_14)","decl":{"start":{"line":18,"column":2},"end":{"line":18,"column":7}},"loc":{"start":{"line":18,"column":12},"end":{"line":36,"column":3}}}},"branchMap":{"0":{"loc":{"start":{"line":25,"column":4},"end":{"line":25,"column":29}},"type":"if","locations":[{"start":{"line":25,"column":4},"end":{"line":25,"column":29}},{"start":{},"end":{}}]},"1":{"loc":{"start":{"line":34,"column":4},"end":{"line":34,"column":30}},"type":"if","locations":[{"start":{"line":34,"column":4},"end":{"line":34,"column":30}},{"start":{},"end":{}}]}},"s":{"0":1,"1":1,"2":1,"3":1,"4":1,"5":1,"6":1,"7":2,"8":2,"9":2,"10":2,"11":2,"12":1,"13":1,"14":1,"15":1,"16":1,"17":1,"18":0,"19":1,"20":1,"21":1},"f":{"0":2,"1":2},"b":{"0":[1,1],"1":[0,1]}}
,"/home/bosselut/workspace/url_shortener/src/app/src/swagger/swagger.module.ts": {"path":"/home/bosselut/workspace/url_shortener/src/app/src/swagger/swagger.module.ts","statementMap":{"0":{"start":{"line":1,"column":0},"end":{"line":1,"column":40}},"1":{"start":{"line":2,"column":0},"end":{"line":2,"column":65}},"2":{"start":{"line":6,"column":7},"end":{"line":18,"column":null}},"3":{"start":{"line":8,"column":19},"end":{"line":14,"column":14}},"4":{"start":{"line":15,"column":21},"end":{"line":15,"column":62}},"5":{"start":{"line":16,"column":4},"end":{"line":16,"column":47}},"6":{"start":{"line":6,"column":13},"end":{"line":6,"column":26}},"7":{"start":{"line":6,"column":13},"end":{"line":18,"column":null}}},"fnMap":{"0":{"name":"(anonymous_1)","decl":{"start":{"line":7,"column":2},"end":{"line":7,"column":8}},"loc":{"start":{"line":7,"column":36},"end":{"line":17,"column":3}}}},"branchMap":{},"s":{"0":1,"1":1,"2":1,"3":1,"4":1,"5":1,"6":1,"7":1},"f":{"0":1},"b":{}}
,"/home/bosselut/workspace/url_shortener/src/app/src/utils/code-generator.ts": {"path":"/home/bosselut/workspace/url_shortener/src/app/src/utils/code-generator.ts","statementMap":{"0":{"start":{"line":1,"column":0},"end":{"line":1,"column":33}},"1":{"start":{"line":3,"column":28},"end":{"line":12,"column":1}},"2":{"start":{"line":4,"column":20},"end":{"line":4,"column":110}},"3":{"start":{"line":5,"column":2},"end":{"line":5,"column":21}},"4":{"start":{"line":3,"column":13},"end":{"line":3,"column":28}}},"fnMap":{"0":{"name":"(anonymous_9)","decl":{"start":{"line":3,"column":28},"end":{"line":3,"column":33}},"loc":{"start":{"line":3,"column":39},"end":{"line":12,"column":1}}}},"branchMap":{},"s":{"0":1,"1":1,"2":1,"3":1,"4":1},"f":{"0":1},"b":{}}
}
