TN:
SF:src/config/services/config.service.ts
FN:6,(anonymous_2)
FN:10,(anonymous_3)
FN:14,(anonymous_4)
FN:30,(anonymous_5)
FN:34,(anonymous_6)
FN:38,(anonymous_7)
FN:42,(anonymous_8)
FN:46,(anonymous_9)
FN:50,(anonymous_10)
FN:54,(anonymous_11)
FNF:10
FNH:8
FNDA:8,(anonymous_2)
FNDA:2,(anonymous_3)
FNDA:2,(anonymous_4)
FNDA:2,(anonymous_5)
FNDA:2,(anonymous_6)
FNDA:2,(anonymous_7)
FNDA:2,(anonymous_8)
FNDA:2,(anonymous_9)
FNDA:0,(anonymous_10)
FNDA:0,(anonymous_11)
DA:1,5
DA:2,5
DA:5,5
DA:7,8
DA:11,2
DA:21,2
DA:31,2
DA:35,2
DA:39,2
DA:43,2
DA:47,2
DA:51,0
DA:55,0
LF:13
LH:11
BRDA:11,0,0,2
BRDA:11,0,1,1
BRDA:22,1,0,2
BRDA:22,1,1,1
BRDA:23,2,0,2
BRDA:23,2,1,1
BRDA:24,3,0,2
BRDA:24,3,1,1
BRDA:25,4,0,2
BRDA:25,4,1,1
BRDA:26,5,0,2
BRDA:26,5,1,1
BRDA:31,6,0,2
BRDA:31,6,1,1
BRDA:35,7,0,2
BRDA:35,7,1,1
BRDA:39,8,0,2
BRDA:39,8,1,1
BRDA:43,9,0,2
BRDA:43,9,1,1
BRDA:47,10,0,2
BRDA:47,10,1,1
BRDA:51,11,0,0
BRDA:51,11,1,0
BRDA:55,12,0,0
BRDA:55,12,1,0
BRF:26
BRH:22
end_of_record
TN:
SF:src/domain/controllers/admin.controller.ts
FN:21,(anonymous_4)
FN:23,(anonymous_5)
FN:27,(anonymous_6)
FN:31,(anonymous_7)
FN:35,(anonymous_8)
FNF:5
FNH:0
FNDA:0,(anonymous_4)
FNDA:0,(anonymous_5)
FNDA:0,(anonymous_6)
FNDA:0,(anonymous_7)
FNDA:0,(anonymous_8)
DA:1,0
DA:12,0
DA:13,0
DA:14,0
DA:16,0
DA:20,0
DA:21,0
DA:23,0
DA:24,0
DA:27,0
DA:28,0
DA:31,0
DA:32,0
DA:35,0
DA:36,0
LF:15
LH:0
BRF:0
BRH:0
end_of_record
TN:
SF:src/domain/controllers/auth.controller.ts
FN:8,(anonymous_4)
FN:11,(anonymous_5)
FNF:2
FNH:0
FNDA:0,(anonymous_4)
FNDA:0,(anonymous_5)
DA:1,0
DA:2,0
DA:3,0
DA:7,0
DA:8,0
DA:11,0
DA:12,0
DA:13,0
LF:8
LH:0
BRF:0
BRH:0
end_of_record
TN:
SF:src/domain/controllers/redirect.controller.ts
FN:16,(anonymous_4)
FN:18,(anonymous_5)
FNF:2
FNH:0
FNDA:0,(anonymous_4)
FNDA:0,(anonymous_5)
DA:1,0
DA:11,0
DA:14,0
DA:15,0
DA:16,0
DA:18,0
DA:23,0
DA:24,0
DA:25,0
DA:26,0
DA:29,0
DA:30,0
DA:31,0
DA:32,0
DA:34,0
DA:35,0
LF:16
LH:0
BRDA:24,0,0,0
BRDA:24,0,1,0
BRDA:24,1,0,0
BRDA:24,1,1,0
BRDA:24,1,2,0
BRDA:30,2,0,0
BRDA:30,2,1,0
BRF:7
BRH:0
end_of_record
TN:
SF:src/domain/factories/database.factory.ts
FN:9,(anonymous_2)
FN:18,(anonymous_3)
FNF:2
FNH:0
FNDA:0,(anonymous_2)
FNDA:0,(anonymous_3)
DA:1,0
DA:3,0
DA:6,0
DA:7,0
DA:10,0
DA:12,0
DA:13,0
DA:14,0
DA:15,0
DA:19,0
LF:10
LH:0
BRF:0
BRH:0
end_of_record
TN:
SF:src/domain/guards/jwt.guard.ts
FN:7,(anonymous_2)
FN:8,(anonymous_3)
FNF:2
FNH:2
FNDA:4,(anonymous_2)
FNDA:4,(anonymous_3)
DA:1,1
DA:2,1
DA:3,1
DA:6,1
DA:7,4
DA:9,4
DA:10,4
DA:11,4
DA:12,3
DA:13,3
DA:14,2
DA:15,2
DA:16,1
DA:17,1
DA:19,1
LF:15
LH:15
BRDA:11,0,0,1
BRDA:11,0,1,3
BRDA:13,1,0,1
BRDA:13,1,1,2
BRF:4
BRH:4
end_of_record
TN:
SF:src/domain/services/auth.service.ts
FN:11,(anonymous_13)
FN:18,(anonymous_14)
FN:25,(anonymous_15)
FNF:3
FNH:3
FNDA:5,(anonymous_13)
FNDA:5,(anonymous_14)
FNDA:2,(anonymous_15)
DA:1,1
DA:2,1
DA:3,1
DA:4,1
DA:5,1
DA:6,1
DA:7,1
DA:10,1
DA:13,5
DA:14,5
DA:15,5
DA:19,5
DA:20,5
DA:21,3
DA:22,3
DA:26,2
DA:27,2
DA:28,1
DA:29,1
LF:19
LH:19
BRDA:20,0,0,2
BRDA:20,0,1,3
BRDA:22,1,0,2
BRDA:22,1,1,1
BRDA:27,2,0,1
BRDA:27,2,1,1
BRF:6
BRH:6
end_of_record
TN:
SF:src/domain/services/short-url.service.ts
FN:21,(anonymous_4)
FN:32,(anonymous_5)
FN:46,(anonymous_6)
FN:56,(anonymous_7)
FN:62,(anonymous_8)
FN:77,(anonymous_9)
FN:81,(anonymous_10)
FN:85,(anonymous_11)
FN:95,(anonymous_12)
FNF:9
FNH:9
FNDA:9,(anonymous_4)
FNDA:62,(anonymous_5)
FNDA:62,(anonymous_6)
FNDA:1,(anonymous_7)
FNDA:1,(anonymous_8)
FNDA:1,(anonymous_9)
FNDA:3,(anonymous_10)
FNDA:2,(anonymous_11)
FNDA:2,(anonymous_12)
DA:1,1
DA:2,1
DA:3,1
DA:6,1
DA:7,1
DA:8,1
DA:9,1
DA:12,1
DA:14,9
DA:23,9
DA:25,9
DA:26,9
DA:28,9
DA:29,9
DA:33,62
DA:37,62
DA:38,62
DA:39,62
DA:40,0
DA:41,0
DA:43,62
DA:47,62
DA:48,62
DA:49,61
DA:50,61
DA:51,61
DA:53,1
DA:57,1
DA:58,1
DA:59,1
DA:65,1
DA:66,1
DA:67,1
DA:69,1
DA:74,1
DA:78,1
DA:82,3
DA:89,2
DA:90,2
DA:91,1
DA:92,1
DA:96,2
DA:97,2
LF:43
LH:41
BRDA:33,0,0,62
BRDA:33,0,1,2
BRDA:39,1,0,0
BRDA:39,1,1,62
BRDA:48,2,0,61
BRDA:48,2,1,1
BRDA:90,3,0,1
BRDA:90,3,1,1
BRDA:97,4,0,1
BRDA:97,4,1,1
BRF:10
BRH:9
end_of_record
TN:
SF:src/domain/services/users.service.ts
FN:12,(anonymous_13)
FN:18,(anonymous_14)
FNF:2
FNH:2
FNDA:2,(anonymous_13)
FNDA:2,(anonymous_14)
DA:1,1
DA:2,1
DA:3,1
DA:4,1
DA:5,1
DA:6,1
DA:10,1
DA:14,2
DA:15,2
DA:19,2
DA:20,2
DA:25,2
DA:26,1
DA:27,1
DA:28,1
DA:33,1
DA:34,1
DA:35,1
LF:18
LH:18
BRDA:25,0,0,1
BRDA:25,0,1,1
BRDA:34,1,0,0
BRDA:34,1,1,1
BRF:4
BRH:3
end_of_record
TN:
SF:src/swagger/swagger.module.ts
FN:7,(anonymous_1)
FNF:1
FNH:1
FNDA:1,(anonymous_1)
DA:1,1
DA:2,1
DA:6,1
DA:8,1
DA:15,1
DA:16,1
LF:6
LH:6
BRF:0
BRH:0
end_of_record
TN:
SF:src/utils/code-generator.ts
FN:3,(anonymous_9)
FNF:1
FNH:1
FNDA:1,(anonymous_9)
DA:1,1
DA:3,1
DA:4,1
DA:5,1
LF:4
LH:4
BRF:0
BRH:0
end_of_record
